AirPlaneProject/Temp/gradleOut/launcher/build/intermediates/manifest_merge_blame_file/release/manifest-merger-blame-release-report.txt
1<?xml version="1.0" encoding="utf-8"?>
2<!-- GENERATED BY UNITY. REMOVE THIS COMMENT TO PREVENT OVERWRITING WHEN EXPORTING AGAIN -->
3<manifest xmlns:android="http://schemas.android.com/apk/res/android"
4    package="com.DefaultCompany.AirPlaneProject"
5    android:installLocation="preferExternal"
6    android:versionCode="1"
7    android:versionName="0.1" >
8
9    <uses-sdk
10        android:minSdkVersion="19"
10-->src\main\AndroidManifest.xml
11        android:targetSdkVersion="28" />
11-->src\main\AndroidManifest.xml
12
13    <supports-screens
13-->src\main\AndroidManifest.xml:4:3-163
14        android:anyDensity="true"
14-->src\main\AndroidManifest.xml:4:135-160
15        android:largeScreens="true"
15-->src\main\AndroidManifest.xml:4:78-105
16        android:normalScreens="true"
16-->src\main\AndroidManifest.xml:4:49-77
17        android:smallScreens="true"
17-->src\main\AndroidManifest.xml:4:21-48
18        android:xlargeScreens="true" />
18-->src\main\AndroidManifest.xml:4:106-134
19
20    <uses-feature android:glEsVersion="0x00020000" />
20-->[:unityLibrary] AndroidManifest.xml:13:5-54
20-->[:unityLibrary] AndroidManifest.xml:13:19-51
21
22    <uses-permission android:name="android.permission.INTERNET" />
22-->[:unityLibrary] AndroidManifest.xml:15:5-67
22-->[:unityLibrary] AndroidManifest.xml:15:22-64
23
24    <uses-feature
24-->[:unityLibrary] AndroidManifest.xml:17:5-19:36
25        android:name="android.hardware.touchscreen"
25-->[:unityLibrary] AndroidManifest.xml:18:9-52
26        android:required="false" />
26-->[:unityLibrary] AndroidManifest.xml:19:9-33
27    <uses-feature
27-->[:unityLibrary] AndroidManifest.xml:20:5-22:36
28        android:name="android.hardware.touchscreen.multitouch"
28-->[:unityLibrary] AndroidManifest.xml:21:9-63
29        android:required="false" />
29-->[:unityLibrary] AndroidManifest.xml:22:9-33
30    <uses-feature
30-->[:unityLibrary] AndroidManifest.xml:23:5-25:36
31        android:name="android.hardware.touchscreen.multitouch.distinct"
31-->[:unityLibrary] AndroidManifest.xml:24:9-72
32        android:required="false" />
32-->[:unityLibrary] AndroidManifest.xml:25:9-33
33
34    <uses-permission android:name="android.permission.ACCESS_NETWORK_STATE" />
34-->[:UnityAds:] AndroidManifest.xml:11:5-79
34-->[:UnityAds:] AndroidManifest.xml:11:22-76
35
36    <application
36-->src\main\AndroidManifest.xml:5:3-154
37        android:banner="@drawable/app_banner"
37-->src\main\AndroidManifest.xml:5:114-151
38        android:extractNativeLibs="true"
38-->src\main\AndroidManifest.xml:5:16-48
39        android:icon="@mipmap/app_icon"
39-->src\main\AndroidManifest.xml:5:82-113
40        android:isGame="true"
40-->[:unityLibrary] AndroidManifest.xml:27:18-39
41        android:label="@string/app_name" >
41-->src\main\AndroidManifest.xml:5:49-81
42        <activity
42-->[:unityLibrary] AndroidManifest.xml:28:9-48:20
43            android:name="com.unity3d.player.UnityPlayerActivity"
43-->[:unityLibrary] AndroidManifest.xml:29:13-66
44            android:configChanges="mcc|mnc|locale|touchscreen|keyboard|keyboardHidden|navigation|orientation|screenLayout|uiMode|screenSize|smallestScreenSize|fontScale|layoutDirection|density"
44-->[:unityLibrary] AndroidManifest.xml:30:13-194
45            android:hardwareAccelerated="false"
45-->[:unityLibrary] AndroidManifest.xml:31:13-48
46            android:launchMode="singleTask"
46-->[:unityLibrary] AndroidManifest.xml:32:13-44
47            android:screenOrientation="portrait"
47-->[:unityLibrary] AndroidManifest.xml:33:13-49
48            android:theme="@style/UnityThemeSelector" >
48-->[:unityLibrary] AndroidManifest.xml:34:13-54
49            <intent-filter>
49-->[:unityLibrary] AndroidManifest.xml:35:13-40:29
50                <action android:name="android.intent.action.MAIN" />
50-->[:unityLibrary] AndroidManifest.xml:36:17-69
50-->[:unityLibrary] AndroidManifest.xml:36:25-66
51
52                <category android:name="android.intent.category.LAUNCHER" />
52-->[:unityLibrary] AndroidManifest.xml:38:17-77
52-->[:unityLibrary] AndroidManifest.xml:38:27-74
53                <category android:name="android.intent.category.LEANBACK_LAUNCHER" />
53-->[:unityLibrary] AndroidManifest.xml:39:17-86
53-->[:unityLibrary] AndroidManifest.xml:39:27-83
54            </intent-filter>
55
56            <meta-data
56-->[:unityLibrary] AndroidManifest.xml:42:13-44:40
57                android:name="unityplayer.UnityActivity"
57-->[:unityLibrary] AndroidManifest.xml:43:17-57
58                android:value="true" />
58-->[:unityLibrary] AndroidManifest.xml:44:17-37
59            <meta-data
59-->[:unityLibrary] AndroidManifest.xml:45:13-47:40
60                android:name="android.notch_support"
60-->[:unityLibrary] AndroidManifest.xml:46:17-53
61                android:value="true" />
61-->[:unityLibrary] AndroidManifest.xml:47:17-37
62        </activity>
63
64        <meta-data
64-->[:unityLibrary] AndroidManifest.xml:50:9-52:33
65            android:name="unity.splash-mode"
65-->[:unityLibrary] AndroidManifest.xml:51:13-45
66            android:value="0" />
66-->[:unityLibrary] AndroidManifest.xml:52:13-30
67        <meta-data
67-->[:unityLibrary] AndroidManifest.xml:53:9-55:36
68            android:name="unity.splash-enable"
68-->[:unityLibrary] AndroidManifest.xml:54:13-47
69            android:value="True" />
69-->[:unityLibrary] AndroidManifest.xml:55:13-33
70        <meta-data
70-->[:unityLibrary] AndroidManifest.xml:56:9-58:50
71            android:name="notch.config"
71-->[:unityLibrary] AndroidManifest.xml:57:13-40
72            android:value="portrait|landscape" />
72-->[:unityLibrary] AndroidManifest.xml:58:13-47
73        <meta-data
73-->[:unityLibrary] AndroidManifest.xml:59:9-61:68
74            android:name="unity.build-id"
74-->[:unityLibrary] AndroidManifest.xml:60:13-42
75            android:value="47321e89-6ee0-44c2-9f07-a18f4aca97af" />
75-->[:unityLibrary] AndroidManifest.xml:61:13-65
76
77        <activity
77-->[:UnityAds:] AndroidManifest.xml:15:9-19:74
78            android:name="com.unity3d.services.ads.adunit.AdUnitActivity"
78-->[:UnityAds:] AndroidManifest.xml:16:13-74
79            android:configChanges="fontScale|keyboard|keyboardHidden|locale|mnc|mcc|navigation|orientation|screenLayout|screenSize|smallestScreenSize|uiMode|touchscreen"
79-->[:UnityAds:] AndroidManifest.xml:17:13-170
80            android:hardwareAccelerated="true"
80-->[:UnityAds:] AndroidManifest.xml:18:13-47
81            android:theme="@android:style/Theme.NoTitleBar.Fullscreen" />
81-->[:UnityAds:] AndroidManifest.xml:19:13-71
82        <activity
82-->[:UnityAds:] AndroidManifest.xml:20:9-24:86
83            android:name="com.unity3d.services.ads.adunit.AdUnitTransparentActivity"
83-->[:UnityAds:] AndroidManifest.xml:21:13-85
84            android:configChanges="fontScale|keyboard|keyboardHidden|locale|mnc|mcc|navigation|orientation|screenLayout|screenSize|smallestScreenSize|uiMode|touchscreen"
84-->[:UnityAds:] AndroidManifest.xml:22:13-170
85            android:hardwareAccelerated="true"
85-->[:UnityAds:] AndroidManifest.xml:23:13-47
86            android:theme="@android:style/Theme.Translucent.NoTitleBar.Fullscreen" />
86-->[:UnityAds:] AndroidManifest.xml:24:13-83
87        <activity
87-->[:UnityAds:] AndroidManifest.xml:25:9-29:86
88            android:name="com.unity3d.services.ads.adunit.AdUnitTransparentSoftwareActivity"
88-->[:UnityAds:] AndroidManifest.xml:26:13-93
89            android:configChanges="fontScale|keyboard|keyboardHidden|locale|mnc|mcc|navigation|orientation|screenLayout|screenSize|smallestScreenSize|uiMode|touchscreen"
89-->[:UnityAds:] AndroidManifest.xml:27:13-170
90            android:hardwareAccelerated="false"
90-->[:UnityAds:] AndroidManifest.xml:28:13-48
91            android:theme="@android:style/Theme.Translucent.NoTitleBar.Fullscreen" />
91-->[:UnityAds:] AndroidManifest.xml:29:13-83
92        <activity
92-->[:UnityAds:] AndroidManifest.xml:30:9-34:74
93            android:name="com.unity3d.services.ads.adunit.AdUnitSoftwareActivity"
93-->[:UnityAds:] AndroidManifest.xml:31:13-82
94            android:configChanges="fontScale|keyboard|keyboardHidden|locale|mnc|mcc|navigation|orientation|screenLayout|screenSize|smallestScreenSize|uiMode|touchscreen"
94-->[:UnityAds:] AndroidManifest.xml:32:13-170
95            android:hardwareAccelerated="false"
95-->[:UnityAds:] AndroidManifest.xml:33:13-48
96            android:theme="@android:style/Theme.NoTitleBar.Fullscreen" />
96-->[:UnityAds:] AndroidManifest.xml:34:13-71
97    </application>
98
99</manifest>